Compiling C:\Users\José\Documents\pic\nrf encendedor\NRF24L01-ENCENDEDOR\slave\slave on 25-ago.-20 at 11:12
*** Error 1 "C:\Program Files (x86)\PICC\Devices\16F628A.h" Line 382(1,2): Illegal C character in input file  0x80
*** Error 1 "C:\Program Files (x86)\PICC\Devices\16F628A.h" Line 382(1,2): Illegal C character in input file  0x00
*** Error 1 "C:\Program Files (x86)\PICC\Devices\16F628A.h" Line 382(1,2): Illegal C character in input file  0xAC
*** Error 1 "C:\Program Files (x86)\PICC\Devices\16F628A.h" Line 382(3,4): Illegal C character in input file  0x00
*** Error 1 "C:\Program Files (x86)\PICC\Devices\16F628A.h" Line 382(3,4): Illegal C character in input file  0x00
*** Error 1 "C:\Program Files (x86)\PICC\Devices\16F628A.h" Line 382(3,4): Illegal C character in input file  0xFF
*** Error 1 "C:\Program Files (x86)\PICC\Devices\16F628A.h" Line 382(3,4): Illegal C character in input file  0xFF
*** Error 1 "C:\Program Files (x86)\PICC\Devices\16F628A.h" Line 382(3,4): Illegal C character in input file  0xFF
*** Error 1 "C:\Program Files (x86)\PICC\Devices\16F628A.h" Line 382(3,4): Illegal C character in input file  0x00
*** Error 1 "C:\Program Files (x86)\PICC\Devices\16F628A.h" Line 382(3,4): Illegal C character in input file  0x07
*** Error 1 "C:\Program Files (x86)\PICC\Devices\16F628A.h" Line 382(3,4): Illegal C character in input file  0x00
*** Error 1 "C:\Program Files (x86)\PICC\Devices\16F628A.h" Line 382(3,4): Illegal C character in input file  0x00
*** Error 1 "C:\Program Files (x86)\PICC\Devices\16F628A.h" Line 382(3,4): Illegal C character in input file  0x00
*** Error 1 "C:\Program Files (x86)\PICC\Devices\16F628A.h" Line 382(3,4): Illegal C character in input file  0x00
*** Error 1 "C:\Program Files (x86)\PICC\Devices\16F628A.h" Line 382(3,4): Illegal C character in input file  0x00
*** Error 1 "C:\Program Files (x86)\PICC\Devices\16F628A.h" Line 382(3,4): Illegal C character in input file  0x00
*** Error 1 "C:\Program Files (x86)\PICC\Devices\16F628A.h" Line 382(3,4): Illegal C character in input file  0x00
*** Error 28 "C:\Program Files (x86)\PICC\Devices\16F628A.h" Line 382(1,2): Expecting an identifier
*** Error 1 "C:\Program Files (x86)\PICC\Devices\16F628A.h" Line 382(9,10): Illegal C character in input file  0x86
*** Error 1 "C:\Program Files (x86)\PICC\Devices\16F628A.h" Line 382(9,10): Illegal C character in input file  0x40
*** Error 43 "C:\Program Files (x86)\PICC\Devices\16F628A.h" Line 382(9,10): Expecting a declaration
*** Error 1 "C:\Program Files (x86)\PICC\Devices\16F628A.h" Line 382(12,13): Illegal C character in input file  0x1E
*** Error 1 "C:\Program Files (x86)\PICC\Devices\16F628A.h" Line 382(12,13): Illegal C character in input file  0xF3
*** Error 1 "C:\Program Files (x86)\PICC\Devices\16F628A.h" Line 382(12,13): Illegal C character in input file  0x8E
*** Error 1 "C:\Program Files (x86)\PICC\Devices\16F628A.h" Line 382(12,13): Illegal C character in input file  0x84
*** Error 1 "C:\Program Files (x86)\PICC\Devices\16F628A.h" Line 382(12,13): Illegal C character in input file  0xE5
*** Error 1 "C:\Program Files (x86)\PICC\Devices\16F628A.h" Line 382(12,13): Illegal C character in input file  0x40
*** Error 1 "C:\Program Files (x86)\PICC\Devices\16F628A.h" Line 382(12,13): Illegal C character in input file  0x00
*** Error 1 "C:\Program Files (x86)\PICC\Devices\16F628A.h" Line 382(12,13): Illegal C character in input file  0x00
*** Error 1 "C:\Program Files (x86)\PICC\Devices\16F628A.h" Line 382(12,13): Illegal C character in input file  0x00
*** Error 1 "C:\Program Files (x86)\PICC\Devices\16F628A.h" Line 382(12,13): Illegal C character in input file  0x00
*** Error 1 "C:\Program Files (x86)\PICC\Devices\16F628A.h" Line 382(12,13): Illegal C character in input file  0x00
*** Error 1 "C:\Program Files (x86)\PICC\Devices\16F628A.h" Line 382(12,13): Illegal C character in input file  0x00
*** Error 1 "C:\Program Files (x86)\PICC\Devices\16F628A.h" Line 382(12,13): Illegal C character in input file  0x00
*** Error 1 "C:\Program Files (x86)\PICC\Devices\16F628A.h" Line 382(12,13): Illegal C character in input file  0x00
*** Error 1 "C:\Program Files (x86)\PICC\Devices\16F628A.h" Line 382(12,13): Illegal C character in input file  0x00
*** Error 1 "C:\Program Files (x86)\PICC\Devices\16F628A.h" Line 382(12,13): Illegal C character in input file  0x00
*** Error 1 "C:\Program Files (x86)\PICC\Devices\16F628A.h" Line 382(12,13): Illegal C character in input file  0x00
*** Error 1 "C:\Program Files (x86)\PICC\Devices\16F628A.h" Line 382(12,13): Illegal C character in input file  0x00
*** Error 1 "C:\Program Files (x86)\PICC\Devices\16F628A.h" Line 382(12,13): Illegal C character in input file  0x00
*** Error 1 "C:\Program Files (x86)\PICC\Devices\16F628A.h" Line 382(12,13): Illegal C character in input file  0x00
*** Error 1 "C:\Program Files (x86)\PICC\Devices\16F628A.h" Line 382(12,13): Illegal C character in input file  0x00
*** Error 1 "C:\Program Files (x86)\PICC\Devices\16F628A.h" Line 382(12,13): Illegal C character in input file  0x00
*** Error 1 "C:\Program Files (x86)\PICC\Devices\16F628A.h" Line 382(12,13): Illegal C character in input file  0x00
*** Error 1 "C:\Program Files (x86)\PICC\Devices\16F628A.h" Line 382(12,13): Illegal C character in input file  0x00
*** Error 1 "C:\Program Files (x86)\PICC\Devices\16F628A.h" Line 382(12,13): Illegal C character in input file  0x00
*** Error 1 "C:\Program Files (x86)\PICC\Devices\16F628A.h" Line 382(12,13): Illegal C character in input file  0x00
*** Error 1 "C:\Program Files (x86)\PICC\Devices\16F628A.h" Line 382(12,13): Illegal C character in input file  0x00
*** Error 1 "C:\Program Files (x86)\PICC\Devices\16F628A.h" Line 382(12,13): Illegal C character in input file  0x00
*** Error 1 "C:\Program Files (x86)\PICC\Devices\16F628A.h" Line 382(12,13): Illegal C character in input file  0x00
*** Error 1 "C:\Program Files (x86)\PICC\Devices\16F628A.h" Line 382(12,13): Illegal C character in input file  0x00
*** Error 1 "C:\Program Files (x86)\PICC\Devices\16F628A.h" Line 382(12,13): Illegal C character in input file  0x00
*** Error 1 "C:\Program Files (x86)\PICC\Devices\16F628A.h" Line 382(12,13): Illegal C character in input file  0x00
*** Error 1 "C:\Program Files (x86)\PICC\Devices\16F628A.h" Line 382(12,13): Illegal C character in input file  0x00
*** Error 1 "C:\Program Files (x86)\PICC\Devices\16F628A.h" Line 382(12,13): Illegal C character in input file  0x00
*** Error 1 "C:\Program Files (x86)\PICC\Devices\16F628A.h" Line 382(12,13): Illegal C character in input file  0x00
*** Error 1 "C:\Program Files (x86)\PICC\Devices\16F628A.h" Line 382(12,13): Illegal C character in input file  0x00
*** Error 1 "C:\Program Files (x86)\PICC\Devices\16F628A.h" Line 382(12,13): Illegal C character in input file  0x00
*** Error 1 "C:\Program Files (x86)\PICC\Devices\16F628A.h" Line 382(12,13): Illegal C character in input file  0x00
*** Error 1 "C:\Program Files (x86)\PICC\Devices\16F628A.h" Line 382(12,13): Illegal C character in input file  0x00
*** Error 1 "C:\Program Files (x86)\PICC\Devices\16F628A.h" Line 382(12,13): Illegal C character in input file  0x00
*** Error 1 "C:\Program Files (x86)\PICC\Devices\16F628A.h" Line 382(12,13): Illegal C character in input file  0x00
*** Error 1 "C:\Program Files (x86)\PICC\Devices\16F628A.h" Line 382(12,13): Illegal C character in input file  0x00
*** Error 1 "C:\Program Files (x86)\PICC\Devices\16F628A.h" Line 382(12,13): Illegal C character in input file  0x00
*** Error 1 "C:\Program Files (x86)\PICC\Devices\16F628A.h" Line 382(12,13): Illegal C character in input file  0x00
*** Error 1 "C:\Program Files (x86)\PICC\Devices\16F628A.h" Line 382(12,13): Illegal C character in input file  0x00
*** Error 1 "C:\Program Files (x86)\PICC\Devices\16F628A.h" Line 382(12,13): Illegal C character in input file  0x00
*** Error 1 "C:\Program Files (x86)\PICC\Devices\16F628A.h" Line 382(12,13): Illegal C character in input file  0x00
*** Error 1 "C:\Program Files (x86)\PICC\Devices\16F628A.h" Line 382(12,13): Illegal C character in input file  0x00
*** Error 1 "C:\Program Files (x86)\PICC\Devices\16F628A.h" Line 382(12,13): Illegal C character in input file  0x00
*** Error 1 "C:\Program Files (x86)\PICC\Devices\16F628A.h" Line 382(12,13): Illegal C character in input file  0x00
*** Error 1 "C:\Program Files (x86)\PICC\Devices\16F628A.h" Line 382(12,13): Illegal C character in input file  0x00
*** Error 1 "C:\Program Files (x86)\PICC\Devices\16F628A.h" Line 382(12,13): Illegal C character in input file  0x00
*** Error 1 "C:\Program Files (x86)\PICC\Devices\16F628A.h" Line 382(12,13): Illegal C character in input file  0x00
*** Error 1 "C:\Program Files (x86)\PICC\Devices\16F628A.h" Line 382(12,13): Illegal C character in input file  0x00
*** Error 1 "C:\Program Files (x86)\PICC\Devices\16F628A.h" Line 382(12,13): Illegal C character in input file  0x00
*** Error 1 "C:\Program Files (x86)\PICC\Devices\16F628A.h" Line 382(12,13): Illegal C character in input file  0x00
*** Error 1 "C:\Program Files (x86)\PICC\Devices\16F628A.h" Line 382(12,13): Illegal C character in input file  0x00
*** Error 1 "C:\Program Files (x86)\PICC\Devices\16F628A.h" Line 382(12,13): Illegal C character in input file  0x00
*** Error 1 "C:\Program Files (x86)\PICC\Devices\16F628A.h" Line 382(12,13): Illegal C character in input file  0x00
*** Error 1 "C:\Program Files (x86)\PICC\Devices\16F628A.h" Line 382(12,13): Illegal C character in input file  0x00
*** Error 1 "C:\Program Files (x86)\PICC\Devices\16F628A.h" Line 382(12,13): Illegal C character in input file  0x00
*** Error 1 "C:\Program Files (x86)\PICC\Devices\16F628A.h" Line 382(12,13): Illegal C character in input file  0x00
*** Error 1 "C:\Program Files (x86)\PICC\Devices\16F628A.h" Line 382(12,13): Illegal C character in input file  0x00
*** Error 1 "C:\Program Files (x86)\PICC\Devices\16F628A.h" Line 382(12,13): Illegal C character in input file  0x00
*** Error 1 "C:\Program Files (x86)\PICC\Devices\16F628A.h" Line 382(12,13): Illegal C character in input file  0x00
*** Error 1 "C:\Program Files (x86)\PICC\Devices\16F628A.h" Line 382(12,13): Illegal C character in input file  0x00
*** Error 1 "C:\Program Files (x86)\PICC\Devices\16F628A.h" Line 382(12,13): Illegal C character in input file  0x00
*** Error 1 "C:\Program Files (x86)\PICC\Devices\16F628A.h" Line 382(12,13): Illegal C character in input file  0x00
*** Error 1 "C:\Program Files (x86)\PICC\Devices\16F628A.h" Line 382(12,13): Illegal C character in input file  0x00
*** Error 1 "C:\Program Files (x86)\PICC\Devices\16F628A.h" Line 382(12,13): Illegal C character in input file  0x00
*** Error 1 "C:\Program Files (x86)\PICC\Devices\16F628A.h" Line 382(12,13): Illegal C character in input file  0x00
*** Error 1 "C:\Program Files (x86)\PICC\Devices\16F628A.h" Line 382(12,13): Illegal C character in input file  0x00
*** Error 1 "C:\Program Files (x86)\PICC\Devices\16F628A.h" Line 382(12,13): Illegal C character in input file  0x00
*** Error 1 "C:\Program Files (x86)\PICC\Devices\16F628A.h" Line 382(12,13): Illegal C character in input file  0x00
*** Error 1 "C:\Program Files (x86)\PICC\Devices\16F628A.h" Line 382(12,13): Illegal C character in input file  0x00
*** Error 1 "C:\Program Files (x86)\PICC\Devices\16F628A.h" Line 382(12,13): Illegal C character in input file  0x00
*** Error 1 "C:\Program Files (x86)\PICC\Devices\16F628A.h" Line 382(12,13): Illegal C character in input file  0x00
*** Error 1 "C:\Program Files (x86)\PICC\Devices\16F628A.h" Line 382(12,13): Illegal C character in input file  0x00
*** Error 1 "C:\Program Files (x86)\PICC\Devices\16F628A.h" Line 382(12,13): Illegal C character in input file  0x00
*** Error 1 "C:\Program Files (x86)\PICC\Devices\16F628A.h" Line 382(12,13): Illegal C character in input file  0x00
